INFO  2019-09-13 09:34:58,991 [[MuleRuntime].cpuLight.01: [account-api].account-api-main.CPU_LITE @2ae3689f] [event: 463e3310-d62b-11e9-bff4-a483e71cc8e1] sfdc.account.audit: '[ACCESS]' ++ authentication.principal ++ ',txid=' ++ correlationId ++ ", method=" ++ attributes.method ++ " uri=" ++ attributes.rawRequestUri
INFO  2019-09-13 09:47:44,264 [[MuleRuntime].cpuLight.14: [account-api].account-api-main.CPU_LITE @6868d89] [event: 0d549470-d62d-11e9-92a4-a483e71cc8e1] sfdc.account.audit: [ACCESS]admin, txid=0d549470-d62d-11e9-92a4-a483e71cc8e1, method=GET, uri=/api/accounts?name=John
INFO  2019-09-13 11:12:51,960 [[MuleRuntime].cpuLight.15: [account-api].account-api-main.CPU_LITE @2c0f6b6e] [event: f2d52b80-d638-11e9-b272-a483e71cc8e1] sfdc.account.audit: [ACCESS]admin, txid=f2d52b80-d638-11e9-b272-a483e71cc8e1, method=POST, uri=/api/accounts
INFO  2019-09-13 11:14:32,864 [[MuleRuntime].cpuLight.15: [account-api].account-api-main.CPU_LITE @399c0183] [event: 2ef2ba10-d639-11e9-820c-a483e71cc8e1] sfdc.account.audit: [ACCESS]admin, txid=2ef2ba10-d639-11e9-820c-a483e71cc8e1, method=POST, uri=/api/accounts
INFO  2019-09-13 16:13:13,106 [[MuleRuntime].cpuLight.04: [account-api].account-api-main.CPU_LITE @70e480d1] [event: e82775b0-d662-11e9-b8c0-a483e71cc8e1] sfdc.account.audit: [ACCESS]admin, txid=e82775b0-d662-11e9-b8c0-a483e71cc8e1, method=GET, uri=/api/accounts?name=John
INFO  2019-09-13 16:13:17,165 [[MuleRuntime].cpuLight.04: [account-api].account-api-main.CPU_LITE @70e480d1] [event: ec542f70-d662-11e9-b8c0-a483e71cc8e1] sfdc.account.audit: [ACCESS]admin, txid=ec542f70-d662-11e9-b8c0-a483e71cc8e1, method=GET, uri=/api/accounts
INFO  2019-09-13 16:13:25,855 [[MuleRuntime].cpuLight.04: [account-api].account-api-main.CPU_LITE @70e480d1] [event: f18253a0-d662-11e9-b8c0-a483e71cc8e1] sfdc.account.audit: [ACCESS]admin, txid=f18253a0-d662-11e9-b8c0-a483e71cc8e1, method=POST, uri=/api/accounts
INFO  2019-09-13 16:13:39,440 [[MuleRuntime].cpuLight.04: [account-api].account-api-main.CPU_LITE @70e480d1] [event: f99b3bb0-d662-11e9-b8c0-a483e71cc8e1] sfdc.account.audit: [ACCESS]admin, txid=f99b3bb0-d662-11e9-b8c0-a483e71cc8e1, method=POST, uri=/api/accounts
INFO  2019-09-13 16:13:49,089 [[MuleRuntime].cpuLight.04: [account-api].account-api-main.CPU_LITE @70e480d1] [event: ff5b8dc0-d662-11e9-b8c0-a483e71cc8e1] sfdc.account.audit: [ACCESS]admin, txid=ff5b8dc0-d662-11e9-b8c0-a483e71cc8e1, method=GET, uri=/api/accounts/0013i0000075LHGAA2
INFO  2019-09-13 16:13:52,840 [[MuleRuntime].cpuLight.02: [account-api].account-api-main.CPU_LITE @70e480d1] [event: 0197e930-d663-11e9-b8c0-a483e71cc8e1] sfdc.account.audit: [ACCESS]admin, txid=0197e930-d663-11e9-b8c0-a483e71cc8e1, method=GET, uri=/api/accounts/00
INFO  2019-09-13 16:13:56,724 [[MuleRuntime].cpuLight.02: [account-api].account-api-main.CPU_LITE @70e480d1] [event: 03e88ff0-d663-11e9-b8c0-a483e71cc8e1] sfdc.account.audit: [ACCESS]admin, txid=03e88ff0-d663-11e9-b8c0-a483e71cc8e1, method=GET, uri=/api/accounts/0013i0000075LHGAA1
INFO  2019-09-13 16:14:15,757 [[MuleRuntime].cpuLight.04: [account-api].account-api-main.CPU_LITE @70e480d1] [event: 0f409d70-d663-11e9-b8c0-a483e71cc8e1] sfdc.account.audit: [ACCESS]admin, txid=0f409d70-d663-11e9-b8c0-a483e71cc8e1, method=PATCH, uri=/api/accounts/0013i0000075LHGAA2
INFO  2019-09-13 16:14:18,860 [[MuleRuntime].cpuLight.02: [account-api].account-api-main.CPU_LITE @70e480d1] [event: 111a3f70-d663-11e9-b8c0-a483e71cc8e1] sfdc.account.audit: [ACCESS]admin, txid=111a3f70-d663-11e9-b8c0-a483e71cc8e1, method=GET, uri=/api/accounts?name=John
INFO  2019-09-13 16:17:23,370 [[MuleRuntime].cpuLight.02: [account-api].account-api-main.CPU_LITE @70e480d1] [event: 7f121a70-d663-11e9-b8c0-a483e71cc8e1] sfdc.account.audit: [ACCESS]admin, txid=7f121a70-d663-11e9-b8c0-a483e71cc8e1, method=GET, uri=/api/accounts?name=John
INFO  2019-09-13 16:17:34,718 [[MuleRuntime].cpuLight.02: [account-api].account-api-main.CPU_LITE @70e480d1] [event: 85d7f5a0-d663-11e9-b8c0-a483e71cc8e1] sfdc.account.audit: [ACCESS]admin, txid=85d7f5a0-d663-11e9-b8c0-a483e71cc8e1, method=GET, uri=/api/accounts?name=John
INFO  2019-09-13 16:17:36,976 [[MuleRuntime].cpuLight.02: [account-api].account-api-main.CPU_LITE @70e480d1] [event: 873080c0-d663-11e9-b8c0-a483e71cc8e1] sfdc.account.audit: [ACCESS]admin, txid=873080c0-d663-11e9-b8c0-a483e71cc8e1, method=GET, uri=/api/accounts?name=John
INFO  2019-09-13 16:17:38,196 [[MuleRuntime].cpuLight.02: [account-api].account-api-main.CPU_LITE @70e480d1] [event: 87eaa900-d663-11e9-b8c0-a483e71cc8e1] sfdc.account.audit: [ACCESS]admin, txid=87eaa900-d663-11e9-b8c0-a483e71cc8e1, method=GET, uri=/api/accounts?name=John
INFO  2019-09-13 16:17:39,128 [[MuleRuntime].cpuLight.02: [account-api].account-api-main.CPU_LITE @70e480d1] [event: 8878df40-d663-11e9-b8c0-a483e71cc8e1] sfdc.account.audit: [ACCESS]admin, txid=8878df40-d663-11e9-b8c0-a483e71cc8e1, method=GET, uri=/api/accounts?name=John
INFO  2019-09-13 16:17:39,861 [[MuleRuntime].cpuLight.02: [account-api].account-api-main.CPU_LITE @70e480d1] [event: 88e842e0-d663-11e9-b8c0-a483e71cc8e1] sfdc.account.audit: [ACCESS]admin, txid=88e842e0-d663-11e9-b8c0-a483e71cc8e1, method=GET, uri=/api/accounts?name=John
INFO  2019-09-17 11:38:28,281 [[MuleRuntime].cpuLight.15: [account-api].account-api-main.CPU_LITE @548f0401] [event: 30582950-d961-11e9-9880-a483e71cc8e1] sfdc.account.audit: [ACCESS]admin, txid=30582950-d961-11e9-9880-a483e71cc8e1, method=GET, uri=/api/accounts?name=John
INFO  2019-09-17 11:38:59,541 [[MuleRuntime].cpuLight.15: [account-api].account-api-main.CPU_LITE @548f0401] [event: 44793500-d961-11e9-9880-a483e71cc8e1] sfdc.account.audit: [ACCESS]admin, txid=44793500-d961-11e9-9880-a483e71cc8e1, method=GET, uri=/api/accounts
INFO  2019-09-17 11:40:27,404 [[MuleRuntime].cpuLight.15: [account-api].account-api-main.CPU_LITE @548f0401] [event: 78d80970-d961-11e9-9880-a483e71cc8e1] sfdc.account.audit: [ACCESS]admin, txid=78d80970-d961-11e9-9880-a483e71cc8e1, method=POST, uri=/api/accounts
INFO  2019-09-17 11:40:46,420 [[MuleRuntime].cpuLight.15: [account-api].account-api-main.CPU_LITE @548f0401] [event: 842da5f0-d961-11e9-9880-a483e71cc8e1] sfdc.account.audit: [ACCESS]admin, txid=842da5f0-d961-11e9-9880-a483e71cc8e1, method=POST, uri=/api/accounts
INFO  2019-09-17 11:42:19,927 [[MuleRuntime].cpuLight.15: [account-api].account-api-main.CPU_LITE @548f0401] [event: bbe89db0-d961-11e9-9880-a483e71cc8e1] sfdc.account.audit: [ACCESS]admin, txid=bbe89db0-d961-11e9-9880-a483e71cc8e1, method=POST, uri=/api/accounts
INFO  2019-09-17 11:42:58,224 [[MuleRuntime].cpuLight.15: [account-api].account-api-main.CPU_LITE @548f0401] [event: d2bd57b0-d961-11e9-9880-a483e71cc8e1] sfdc.account.audit: [ACCESS]admin, txid=d2bd57b0-d961-11e9-9880-a483e71cc8e1, method=GET, uri=/api/accounts?name=John
INFO  2019-09-17 11:43:10,836 [[MuleRuntime].cpuLight.15: [account-api].account-api-main.CPU_LITE @548f0401] [event: da41c7f0-d961-11e9-9880-a483e71cc8e1] sfdc.account.audit: [ACCESS]admin, txid=da41c7f0-d961-11e9-9880-a483e71cc8e1, method=GET, uri=/api/accounts/0013i0000075LHGAA2
INFO  2019-09-17 11:43:28,805 [[MuleRuntime].cpuLight.13: [account-api].account-api-main.CPU_LITE @548f0401] [event: e4f7a200-d961-11e9-9880-a483e71cc8e1] sfdc.account.audit: [ACCESS]admin, txid=e4f7a200-d961-11e9-9880-a483e71cc8e1, method=GET, uri=/api/accounts/00
INFO  2019-09-17 11:43:50,912 [[MuleRuntime].cpuLight.13: [account-api].account-api-main.CPU_LITE @548f0401] [event: f224e4b0-d961-11e9-9880-a483e71cc8e1] sfdc.account.audit: [ACCESS]admin, txid=f224e4b0-d961-11e9-9880-a483e71cc8e1, method=GET, uri=/api/accounts/0013i0000075LHGAA1
INFO  2019-09-17 11:44:07,856 [[MuleRuntime].cpuLight.15: [account-api].account-api-main.CPU_LITE @548f0401] [event: fc3e7ec0-d961-11e9-9880-a483e71cc8e1] sfdc.account.audit: [ACCESS]admin, txid=fc3e7ec0-d961-11e9-9880-a483e71cc8e1, method=PATCH, uri=/api/accounts/0013i0000075LHGAA2
INFO  2019-09-17 11:44:20,149 [[MuleRuntime].cpuLight.13: [account-api].account-api-main.CPU_LITE @548f0401] [event: 03921b00-d962-11e9-9880-a483e71cc8e1] sfdc.account.audit: [ACCESS]admin, txid=03921b00-d962-11e9-9880-a483e71cc8e1, method=PATCH, uri=/api/accounts/00
INFO  2019-09-17 11:44:52,461 [[MuleRuntime].cpuLight.13: [account-api].account-api-main.CPU_LITE @548f0401] [event: 16d4d4a0-d962-11e9-9880-a483e71cc8e1] sfdc.account.audit: [ACCESS]admin, txid=16d4d4a0-d962-11e9-9880-a483e71cc8e1, method=PATCH, uri=/api/accounts/0013i0000075LHGAA1
INFO  2019-09-17 11:45:16,013 [[MuleRuntime].cpuLight.15: [account-api].account-api-main.CPU_LITE @548f0401] [event: 24ddf860-d962-11e9-9880-a483e71cc8e1] sfdc.account.audit: [ACCESS]admin, txid=24ddf860-d962-11e9-9880-a483e71cc8e1, method=DELETE, uri=/api/accounts/0013i0000075ISZAA2
INFO  2019-09-17 11:45:28,958 [[MuleRuntime].cpuLight.13: [account-api].account-api-main.CPU_LITE @548f0401] [event: 2c95ada0-d962-11e9-9880-a483e71cc8e1] sfdc.account.audit: [ACCESS]admin, txid=2c95ada0-d962-11e9-9880-a483e71cc8e1, method=DELETE, uri=/api/accounts/00
INFO  2019-09-17 11:45:37,637 [[MuleRuntime].cpuLight.13: [account-api].account-api-main.CPU_LITE @548f0401] [event: 31c22420-d962-11e9-9880-a483e71cc8e1] sfdc.account.audit: [ACCESS]admin, txid=31c22420-d962-11e9-9880-a483e71cc8e1, method=DELETE, uri=/api/accounts/0013i0000075ISZAAq
INFO  2019-09-17 11:46:00,740 [[MuleRuntime].cpuLight.15: [account-api].account-api-main.CPU_LITE @548f0401] [event: 3f873a00-d962-11e9-9880-a483e71cc8e1] sfdc.account.audit: [ACCESS]admin, txid=3f873a00-d962-11e9-9880-a483e71cc8e1, method=GET, uri=/api/accounts?name=John
INFO  2019-09-17 11:46:14,930 [[MuleRuntime].cpuLight.15: [account-api].account-api-main.CPU_LITE @548f0401] [event: 47fc72e0-d962-11e9-9880-a483e71cc8e1] sfdc.account.audit: [ACCESS]admin, txid=47fc72e0-d962-11e9-9880-a483e71cc8e1, method=DELETE, uri=/api/accounts/0013i0000075isFAAQ
INFO  2019-09-17 13:53:48,329 [[MuleRuntime].cpuLight.02: [account-api].account-api-main.CPU_LITE @6fbbc9de] [event: 1828edc0-d974-11e9-9537-a483e71cc8e1] sfdc.account.audit: [ACCESS]admin, txid=1828edc0-d974-11e9-9537-a483e71cc8e1, method=GET, uri=/api/accounts?name=John
INFO  2019-09-17 13:58:10,119 [[MuleRuntime].cpuLight.02: [account-api].account-api-main.CPU_LITE @6fbbc9de] [event: b5ce4a20-d974-11e9-9537-a483e71cc8e1] sfdc.account.audit: [ACCESS]admin, txid=b5ce4a20-d974-11e9-9537-a483e71cc8e1, method=GET, uri=/api/accounts?name=John
INFO  2019-09-17 13:58:48,460 [[MuleRuntime].cpuLight.02: [account-api].account-api-main.CPU_LITE @6fbbc9de] [event: cca8a970-d974-11e9-9537-a483e71cc8e1] sfdc.account.audit: [ACCESS]admin, txid=cca8a970-d974-11e9-9537-a483e71cc8e1, method=GET, uri=/api/accounts?name=John
INFO  2019-09-17 14:00:18,811 [[MuleRuntime].cpuLight.02: [account-api].account-api-main.CPU_LITE @6fbbc9de] [event: 0281c1d0-d975-11e9-9537-a483e71cc8e1] sfdc.account.audit: [ACCESS]admin, txid=0281c1d0-d975-11e9-9537-a483e71cc8e1, method=GET, uri=/api/accounts?name=John
INFO  2019-09-17 14:05:03,075 [[MuleRuntime].cpuLight.02: [account-api].account-api-main.CPU_LITE @6fbbc9de] [event: abf25fe0-d975-11e9-9537-a483e71cc8e1] sfdc.account.audit: [ACCESS]admin, txid=abf25fe0-d975-11e9-9537-a483e71cc8e1, method=GET, uri=/api/accounts?name=John
INFO  2019-09-17 14:05:07,697 [[MuleRuntime].cpuLight.02: [account-api].account-api-main.CPU_LITE @6fbbc9de] [event: aeb3c9d0-d975-11e9-9537-a483e71cc8e1] sfdc.account.audit: [ACCESS]admin, txid=aeb3c9d0-d975-11e9-9537-a483e71cc8e1, method=GET, uri=/api/accounts?name=John
