INFO  2019-09-17 09:57:19,435 [[MuleRuntime].io.06: [account-sync-batch].account-sync-ControlFlow.BLOCKING @50affc06] [event: 0f67bac0-d953-11e9-9274-a483e71cc8e1] sfdc.account.sync.batch: [SyncStart]lastSyncTS=1900-01-01T12:00:00.000Z
INFO  2019-09-17 09:57:19,820 [[MuleRuntime].io.08: [account-sync-batch].account-sync-ControlFlow.BLOCKING @50affc06] [event: 0f67bac0-d953-11e9-9274-a483e71cc8e1] sfdc.account.sync.batch: [SalesForce]Account Found: [0013i000004Um6IAAS, 0013i000004Um6FAAS, 0013i000004Um6EAAS, 0013i000004Um6CAAS, 0013i000004Um6BAAS, 0013i000004Um6AAAS, 0013i000004Um69AAC, 0013i000004Um68AAC, 0013i000004Um6HAAS, 0013i000004Um6GAAS]
INFO  2019-09-17 09:57:19,871 [[MuleRuntime].io.08: [account-sync-batch].account-sync-ControlFlow.BLOCKING @50affc06] [event: 0f67bac0-d953-11e9-9274-a483e71cc8e1] sfdc.account.sync.batch: [SyncFinish]lastSyncTS=1900-01-01T12:00:00.000Z
INFO  2019-09-17 09:57:20,394 [[MuleRuntime].io.05: [account-sync-batch].batch-management-work-manager @462e2aff] [event: 1900-01-01T12:00:00.000Z] sfdc.account.sync.batch: BatchResult: {
  "onCompletePhaseException": null,
  "loadingPhaseException": null,
  "totalRecords": 10,
  "elapsedTimeInMillis": 288,
  "failedOnCompletePhase": false,
  "loadedRecords": 10,
  "failedRecords": 0,
  "failedOnInputPhase": false,
  "successfulRecords": 10,
  "inputPhaseException": null,
  "processedRecords": 10,
  "failedOnLoadingPhase": false,
  "batchJobInstanceId": "10d0e7b0-d953-11e9-9274-a483e71cc8e1"
}
INFO  2019-09-17 09:57:27,511 [[MuleRuntime].io.05: [account-sync-batch].account-sync-ControlFlow.BLOCKING @50affc06] [event: 15573320-d953-11e9-9274-a483e71cc8e1] sfdc.account.sync.batch: [SyncStart]lastSyncTS=2019-08-07T14:01:53.000Z
INFO  2019-09-17 09:57:27,802 [[MuleRuntime].io.04: [account-sync-batch].account-sync-ControlFlow.BLOCKING @50affc06] [event: 15573320-d953-11e9-9274-a483e71cc8e1] sfdc.account.sync.batch: [SalesForce]Account Found: [0013i0000073yo4AAA, 0013i0000075isFAAQ, 0013i0000075LHGAA2]
INFO  2019-09-17 09:57:27,810 [[MuleRuntime].io.04: [account-sync-batch].account-sync-ControlFlow.BLOCKING @50affc06] [event: 15573320-d953-11e9-9274-a483e71cc8e1] sfdc.account.sync.batch: [SyncFinish]lastSyncTS=2019-08-07T14:01:53.000Z
INFO  2019-09-17 09:57:27,890 [[MuleRuntime].io.04: [account-sync-batch].batch-management-work-manager @462e2aff] [event: 2019-08-07T14:01:53.000Z] sfdc.account.sync.batch: BatchResult: {
  "onCompletePhaseException": null,
  "loadingPhaseException": null,
  "totalRecords": 3,
  "elapsedTimeInMillis": 73,
  "failedOnCompletePhase": false,
  "loadedRecords": 3,
  "failedRecords": 0,
  "failedOnInputPhase": false,
  "successfulRecords": 3,
  "inputPhaseException": null,
  "processedRecords": 3,
  "failedOnLoadingPhase": false,
  "batchJobInstanceId": "15859620-d953-11e9-9274-a483e71cc8e1"
}
INFO  2019-09-17 09:57:37,513 [[MuleRuntime].io.04: [account-sync-batch].account-sync-ControlFlow.BLOCKING @50affc06] [event: 1b4d1420-d953-11e9-9274-a483e71cc8e1] sfdc.account.sync.batch: [SyncStart]lastSyncTS=2019-09-13T20:14:17.000Z
INFO  2019-09-17 09:57:37,827 [[MuleRuntime].io.08: [account-sync-batch].account-sync-ControlFlow.BLOCKING @50affc06] [event: 1b4d1420-d953-11e9-9274-a483e71cc8e1] sfdc.account.sync.batch: [SalesForce]Account Found: null
INFO  2019-09-17 09:57:37,841 [[MuleRuntime].io.04: [account-sync-batch].account-sync-ControlFlow.BLOCKING @50affc06] [event: 1b4d1420-d953-11e9-9274-a483e71cc8e1] sfdc.account.sync.batch: [SyncFinish]lastSyncTS=2019-09-13T20:14:17.000Z
INFO  2019-09-17 09:57:47,512 [[MuleRuntime].io.04: [account-sync-batch].account-sync-ControlFlow.BLOCKING @50affc06] [event: 21431c30-d953-11e9-9274-a483e71cc8e1] sfdc.account.sync.batch: [SyncStart]lastSyncTS=2019-09-17T09:57:37.833Z
INFO  2019-09-17 09:57:47,792 [[MuleRuntime].io.08: [account-sync-batch].account-sync-ControlFlow.BLOCKING @50affc06] [event: 21431c30-d953-11e9-9274-a483e71cc8e1] sfdc.account.sync.batch: [SalesForce]Account Found: null
INFO  2019-09-17 09:57:47,796 [[MuleRuntime].io.04: [account-sync-batch].account-sync-ControlFlow.BLOCKING @50affc06] [event: 21431c30-d953-11e9-9274-a483e71cc8e1] sfdc.account.sync.batch: [SyncFinish]lastSyncTS=2019-09-17T09:57:37.833Z
INFO  2019-09-17 09:57:57,509 [[MuleRuntime].io.04: [account-sync-batch].account-sync-ControlFlow.BLOCKING @50affc06] [event: 2738d620-d953-11e9-9274-a483e71cc8e1] sfdc.account.sync.batch: [SyncStart]lastSyncTS=2019-09-17T09:57:47.793Z
INFO  2019-09-17 09:57:57,801 [[MuleRuntime].io.08: [account-sync-batch].account-sync-ControlFlow.BLOCKING @50affc06] [event: 2738d620-d953-11e9-9274-a483e71cc8e1] sfdc.account.sync.batch: [SalesForce]Account Found: null
INFO  2019-09-17 09:57:57,806 [[MuleRuntime].io.04: [account-sync-batch].account-sync-ControlFlow.BLOCKING @50affc06] [event: 2738d620-d953-11e9-9274-a483e71cc8e1] sfdc.account.sync.batch: [SyncFinish]lastSyncTS=2019-09-17T09:57:47.793Z
INFO  2019-09-17 09:58:07,512 [[MuleRuntime].io.04: [account-sync-batch].account-sync-ControlFlow.BLOCKING @50affc06] [event: 2d2f0540-d953-11e9-9274-a483e71cc8e1] sfdc.account.sync.batch: [SyncStart]lastSyncTS=2019-09-17T09:57:57.803Z
INFO  2019-09-17 09:58:07,782 [[MuleRuntime].io.08: [account-sync-batch].account-sync-ControlFlow.BLOCKING @50affc06] [event: 2d2f0540-d953-11e9-9274-a483e71cc8e1] sfdc.account.sync.batch: [SalesForce]Account Found: null
INFO  2019-09-17 09:58:07,787 [[MuleRuntime].io.04: [account-sync-batch].account-sync-ControlFlow.BLOCKING @50affc06] [event: 2d2f0540-d953-11e9-9274-a483e71cc8e1] sfdc.account.sync.batch: [SyncFinish]lastSyncTS=2019-09-17T09:57:57.803Z
INFO  2019-09-17 09:58:17,509 [[MuleRuntime].io.04: [account-sync-batch].account-sync-ControlFlow.BLOCKING @50affc06] [event: 33249820-d953-11e9-9274-a483e71cc8e1] sfdc.account.sync.batch: [SyncStart]lastSyncTS=2019-09-17T09:58:07.784Z
INFO  2019-09-17 09:58:17,819 [[MuleRuntime].io.08: [account-sync-batch].account-sync-ControlFlow.BLOCKING @50affc06] [event: 33249820-d953-11e9-9274-a483e71cc8e1] sfdc.account.sync.batch: [SalesForce]Account Found: null
INFO  2019-09-17 09:58:17,824 [[MuleRuntime].io.04: [account-sync-batch].account-sync-ControlFlow.BLOCKING @50affc06] [event: 33249820-d953-11e9-9274-a483e71cc8e1] sfdc.account.sync.batch: [SyncFinish]lastSyncTS=2019-09-17T09:58:07.784Z
INFO  2019-09-17 09:58:27,510 [[MuleRuntime].io.04: [account-sync-batch].account-sync-ControlFlow.BLOCKING @50affc06] [event: 391ac740-d953-11e9-9274-a483e71cc8e1] sfdc.account.sync.batch: [SyncStart]lastSyncTS=2019-09-17T09:58:17.821Z
INFO  2019-09-17 09:58:27,963 [[MuleRuntime].io.08: [account-sync-batch].account-sync-ControlFlow.BLOCKING @50affc06] [event: 391ac740-d953-11e9-9274-a483e71cc8e1] sfdc.account.sync.batch: [SalesForce]Account Found: null
INFO  2019-09-17 09:58:27,968 [[MuleRuntime].io.04: [account-sync-batch].account-sync-ControlFlow.BLOCKING @50affc06] [event: 391ac740-d953-11e9-9274-a483e71cc8e1] sfdc.account.sync.batch: [SyncFinish]lastSyncTS=2019-09-17T09:58:17.821Z
INFO  2019-09-17 10:03:36,758 [[MuleRuntime].io.06: [account-sync-batch].account-sync-ControlFlow.BLOCKING @663dde92] [event: f0483dd0-d953-11e9-bb64-a483e71cc8e1] sfdc.account.sync.batch: [SyncStart]lastSyncTS=1900-01-01T12:00:00.000Z
INFO  2019-09-17 10:03:37,657 [[MuleRuntime].io.05: [account-sync-batch].account-sync-ControlFlow.BLOCKING @663dde92] [event: f0483dd0-d953-11e9-bb64-a483e71cc8e1] sfdc.account.sync.batch: [SalesForce]Account Found: [0013i000004Um6IAAS, 0013i000004Um6FAAS, 0013i000004Um6EAAS, 0013i000004Um6CAAS, 0013i000004Um6BAAS, 0013i000004Um6AAAS, 0013i000004Um69AAC, 0013i000004Um68AAC, 0013i000004Um6HAAS, 0013i000004Um6GAAS]
INFO  2019-09-17 10:03:37,710 [[MuleRuntime].io.05: [account-sync-batch].account-sync-ControlFlow.BLOCKING @663dde92] [event: f0483dd0-d953-11e9-bb64-a483e71cc8e1] sfdc.account.sync.batch: [SyncFinish]lastSyncTS=1900-01-01T12:00:00.000Z
INFO  2019-09-17 10:03:38,253 [[MuleRuntime].io.08: [account-sync-batch].batch-management-work-manager @5602cf1f] [event: 1900-01-01T12:00:00.000Z] sfdc.account.sync.batch: BatchResult: {
  "onCompletePhaseException": null,
  "loadingPhaseException": null,
  "totalRecords": 10,
  "elapsedTimeInMillis": 302,
  "failedOnCompletePhase": false,
  "failedRecords": 0,
  "loadedRecords": 10,
  "failedOnInputPhase": false,
  "successfulRecords": 10,
  "inputPhaseException": null,
  "processedRecords": 10,
  "failedOnLoadingPhase": false,
  "batchJobInstanceId": "f2061a70-d953-11e9-bb64-a483e71cc8e1"
}
INFO  2019-09-17 10:03:44,790 [[MuleRuntime].io.08: [account-sync-batch].account-sync-ControlFlow.BLOCKING @663dde92] [event: f6374100-d953-11e9-bb64-a483e71cc8e1] sfdc.account.sync.batch: [SyncStart]lastSyncTS=2019-08-07T14:01:53.000Z
INFO  2019-09-17 10:03:45,123 [[MuleRuntime].io.04: [account-sync-batch].account-sync-ControlFlow.BLOCKING @663dde92] [event: f6374100-d953-11e9-bb64-a483e71cc8e1] sfdc.account.sync.batch: [SalesForce]Account Found: [0013i0000073yo4AAA, 0013i0000075isFAAQ, 0013i0000075LHGAA2]
INFO  2019-09-17 10:03:45,131 [[MuleRuntime].io.04: [account-sync-batch].account-sync-ControlFlow.BLOCKING @663dde92] [event: f6374100-d953-11e9-bb64-a483e71cc8e1] sfdc.account.sync.batch: [SyncFinish]lastSyncTS=2019-08-07T14:01:53.000Z
INFO  2019-09-17 10:03:45,205 [[MuleRuntime].io.04: [account-sync-batch].batch-management-work-manager @5602cf1f] [event: 2019-08-07T14:01:53.000Z] sfdc.account.sync.batch: BatchResult: {
  "onCompletePhaseException": null,
  "loadingPhaseException": null,
  "totalRecords": 3,
  "elapsedTimeInMillis": 67,
  "failedOnCompletePhase": false,
  "failedRecords": 0,
  "loadedRecords": 3,
  "failedOnInputPhase": false,
  "successfulRecords": 3,
  "inputPhaseException": null,
  "processedRecords": 3,
  "failedOnLoadingPhase": false,
  "batchJobInstanceId": "f66c5ac0-d953-11e9-bb64-a483e71cc8e1"
}
INFO  2019-09-17 10:03:54,790 [[MuleRuntime].io.04: [account-sync-batch].account-sync-ControlFlow.BLOCKING @663dde92] [event: fc2d4910-d953-11e9-bb64-a483e71cc8e1] sfdc.account.sync.batch: [SyncStart]lastSyncTS=2019-09-13T20:14:17.000Z
INFO  2019-09-17 10:03:55,107 [[MuleRuntime].io.08: [account-sync-batch].account-sync-ControlFlow.BLOCKING @663dde92] [event: fc2d4910-d953-11e9-bb64-a483e71cc8e1] sfdc.account.sync.batch: [SalesForce]Account Found: null
INFO  2019-09-17 10:03:55,120 [[MuleRuntime].io.04: [account-sync-batch].account-sync-ControlFlow.BLOCKING @663dde92] [event: fc2d4910-d953-11e9-bb64-a483e71cc8e1] sfdc.account.sync.batch: [SyncFinish]lastSyncTS=2019-09-13T20:14:17.000Z
INFO  2019-09-17 10:04:04,787 [[MuleRuntime].io.04: [account-sync-batch].account-sync-ControlFlow.BLOCKING @663dde92] [event: 02232a10-d954-11e9-bb64-a483e71cc8e1] sfdc.account.sync.batch: [SyncStart]lastSyncTS=2019-09-17T10:03:55.114Z
INFO  2019-09-17 10:04:05,065 [[MuleRuntime].io.08: [account-sync-batch].account-sync-ControlFlow.BLOCKING @663dde92] [event: 02232a10-d954-11e9-bb64-a483e71cc8e1] sfdc.account.sync.batch: [SalesForce]Account Found: null
INFO  2019-09-17 10:04:05,070 [[MuleRuntime].io.04: [account-sync-batch].account-sync-ControlFlow.BLOCKING @663dde92] [event: 02232a10-d954-11e9-bb64-a483e71cc8e1] sfdc.account.sync.batch: [SyncFinish]lastSyncTS=2019-09-17T10:03:55.114Z
INFO  2019-09-17 10:04:14,790 [[MuleRuntime].io.04: [account-sync-batch].account-sync-ControlFlow.BLOCKING @663dde92] [event: 08190b10-d954-11e9-bb64-a483e71cc8e1] sfdc.account.sync.batch: [SyncStart]lastSyncTS=2019-09-17T10:04:05.066Z
INFO  2019-09-17 10:04:15,043 [[MuleRuntime].io.08: [account-sync-batch].account-sync-ControlFlow.BLOCKING @663dde92] [event: 08190b10-d954-11e9-bb64-a483e71cc8e1] sfdc.account.sync.batch: [SalesForce]Account Found: null
INFO  2019-09-17 10:04:15,046 [[MuleRuntime].io.04: [account-sync-batch].account-sync-ControlFlow.BLOCKING @663dde92] [event: 08190b10-d954-11e9-bb64-a483e71cc8e1] sfdc.account.sync.batch: [SyncFinish]lastSyncTS=2019-09-17T10:04:05.066Z
INFO  2019-09-17 11:02:29,611 [[MuleRuntime].io.05: [account-sync-batch].account-sync-ControlFlow.BLOCKING @2151c714] [event: 2a09e160-d95c-11e9-af4d-a483e71cc8e1] sfdc.account.sync.batch: [SyncStart]lastSyncTS=1900-01-01T12:00:00.000Z
INFO  2019-09-17 11:02:30,027 [[MuleRuntime].io.03: [account-sync-batch].account-sync-ControlFlow.BLOCKING @2151c714] [event: 2a09e160-d95c-11e9-af4d-a483e71cc8e1] sfdc.account.sync.batch: [SalesForce]Account Found: [0013i000004Um6IAAS, 0013i000004Um6FAAS, 0013i000004Um6EAAS, 0013i000004Um6CAAS, 0013i000004Um6BAAS, 0013i000004Um6AAAS, 0013i000004Um69AAC, 0013i000004Um68AAC, 0013i000004Um6HAAS, 0013i000004Um6GAAS]
INFO  2019-09-17 11:02:37,670 [[MuleRuntime].io.07: [account-sync-batch].account-sync-ControlFlow.BLOCKING @2151c714] [event: 2ffa4420-d95c-11e9-af4d-a483e71cc8e1] sfdc.account.sync.batch: [SyncStart]lastSyncTS=1900-01-01T12:00:00.000Z
INFO  2019-09-17 11:02:37,968 [[MuleRuntime].io.03: [account-sync-batch].account-sync-ControlFlow.BLOCKING @2151c714] [event: 2ffa4420-d95c-11e9-af4d-a483e71cc8e1] sfdc.account.sync.batch: [SalesForce]Account Found: [0013i000004Um6IAAS, 0013i000004Um6FAAS, 0013i000004Um6EAAS, 0013i000004Um6CAAS, 0013i000004Um6BAAS, 0013i000004Um6AAAS, 0013i000004Um69AAC, 0013i000004Um68AAC, 0013i000004Um6HAAS, 0013i000004Um6GAAS]
INFO  2019-09-17 11:02:47,663 [[MuleRuntime].io.07: [account-sync-batch].account-sync-ControlFlow.BLOCKING @2151c714] [event: 35ef61d0-d95c-11e9-af4d-a483e71cc8e1] sfdc.account.sync.batch: [SyncStart]lastSyncTS=1900-01-01T12:00:00.000Z
INFO  2019-09-17 11:02:47,973 [[MuleRuntime].io.03: [account-sync-batch].account-sync-ControlFlow.BLOCKING @2151c714] [event: 35ef61d0-d95c-11e9-af4d-a483e71cc8e1] sfdc.account.sync.batch: [SalesForce]Account Found: [0013i000004Um6IAAS, 0013i000004Um6FAAS, 0013i000004Um6EAAS, 0013i000004Um6CAAS, 0013i000004Um6BAAS, 0013i000004Um6AAAS, 0013i000004Um69AAC, 0013i000004Um68AAC, 0013i000004Um6HAAS, 0013i000004Um6GAAS]
INFO  2019-09-17 11:02:57,670 [[MuleRuntime].io.07: [account-sync-batch].account-sync-ControlFlow.BLOCKING @2151c714] [event: 3be60620-d95c-11e9-af4d-a483e71cc8e1] sfdc.account.sync.batch: [SyncStart]lastSyncTS=1900-01-01T12:00:00.000Z
INFO  2019-09-17 11:02:58,130 [[MuleRuntime].io.03: [account-sync-batch].account-sync-ControlFlow.BLOCKING @2151c714] [event: 3be60620-d95c-11e9-af4d-a483e71cc8e1] sfdc.account.sync.batch: [SalesForce]Account Found: [0013i000004Um6IAAS, 0013i000004Um6FAAS, 0013i000004Um6EAAS, 0013i000004Um6CAAS, 0013i000004Um6BAAS, 0013i000004Um6AAAS, 0013i000004Um69AAC, 0013i000004Um68AAC, 0013i000004Um6HAAS, 0013i000004Um6GAAS]
INFO  2019-09-17 11:03:07,667 [[MuleRuntime].io.07: [account-sync-batch].account-sync-ControlFlow.BLOCKING @2151c714] [event: 41dbc010-d95c-11e9-af4d-a483e71cc8e1] sfdc.account.sync.batch: [SyncStart]lastSyncTS=1900-01-01T12:00:00.000Z
INFO  2019-09-17 11:03:07,997 [[MuleRuntime].io.03: [account-sync-batch].account-sync-ControlFlow.BLOCKING @2151c714] [event: 41dbc010-d95c-11e9-af4d-a483e71cc8e1] sfdc.account.sync.batch: [SalesForce]Account Found: [0013i000004Um6IAAS, 0013i000004Um6FAAS, 0013i000004Um6EAAS, 0013i000004Um6CAAS, 0013i000004Um6BAAS, 0013i000004Um6AAAS, 0013i000004Um69AAC, 0013i000004Um68AAC, 0013i000004Um6HAAS, 0013i000004Um6GAAS]
INFO  2019-09-17 11:03:17,666 [[MuleRuntime].io.07: [account-sync-batch].account-sync-ControlFlow.BLOCKING @2151c714] [event: 47d152f0-d95c-11e9-af4d-a483e71cc8e1] sfdc.account.sync.batch: [SyncStart]lastSyncTS=1900-01-01T12:00:00.000Z
INFO  2019-09-17 11:03:18,308 [[MuleRuntime].io.03: [account-sync-batch].account-sync-ControlFlow.BLOCKING @2151c714] [event: 47d152f0-d95c-11e9-af4d-a483e71cc8e1] sfdc.account.sync.batch: [SalesForce]Account Found: [0013i000004Um6IAAS, 0013i000004Um6FAAS, 0013i000004Um6EAAS, 0013i000004Um6CAAS, 0013i000004Um6BAAS, 0013i000004Um6AAAS, 0013i000004Um69AAC, 0013i000004Um68AAC, 0013i000004Um6HAAS, 0013i000004Um6GAAS]
INFO  2019-09-17 11:03:27,666 [[MuleRuntime].io.07: [account-sync-batch].account-sync-ControlFlow.BLOCKING @2151c714] [event: 4dc75b00-d95c-11e9-af4d-a483e71cc8e1] sfdc.account.sync.batch: [SyncStart]lastSyncTS=1900-01-01T12:00:00.000Z
INFO  2019-09-17 11:03:27,992 [[MuleRuntime].io.03: [account-sync-batch].account-sync-ControlFlow.BLOCKING @2151c714] [event: 4dc75b00-d95c-11e9-af4d-a483e71cc8e1] sfdc.account.sync.batch: [SalesForce]Account Found: [0013i000004Um6IAAS, 0013i000004Um6FAAS, 0013i000004Um6EAAS, 0013i000004Um6CAAS, 0013i000004Um6BAAS, 0013i000004Um6AAAS, 0013i000004Um69AAC, 0013i000004Um68AAC, 0013i000004Um6HAAS, 0013i000004Um6GAAS]
INFO  2019-09-17 11:03:37,666 [[MuleRuntime].io.07: [account-sync-batch].account-sync-ControlFlow.BLOCKING @2151c714] [event: 53bcede0-d95c-11e9-af4d-a483e71cc8e1] sfdc.account.sync.batch: [SyncStart]lastSyncTS=1900-01-01T12:00:00.000Z
INFO  2019-09-17 11:03:38,219 [[MuleRuntime].io.03: [account-sync-batch].account-sync-ControlFlow.BLOCKING @2151c714] [event: 53bcede0-d95c-11e9-af4d-a483e71cc8e1] sfdc.account.sync.batch: [SalesForce]Account Found: [0013i000004Um6IAAS, 0013i000004Um6FAAS, 0013i000004Um6EAAS, 0013i000004Um6CAAS, 0013i000004Um6BAAS, 0013i000004Um6AAAS, 0013i000004Um69AAC, 0013i000004Um68AAC, 0013i000004Um6HAAS, 0013i000004Um6GAAS]
INFO  2019-09-17 11:03:47,666 [[MuleRuntime].io.07: [account-sync-batch].account-sync-ControlFlow.BLOCKING @2151c714] [event: 59b2cee0-d95c-11e9-af4d-a483e71cc8e1] sfdc.account.sync.batch: [SyncStart]lastSyncTS=1900-01-01T12:00:00.000Z
INFO  2019-09-17 11:03:47,947 [[MuleRuntime].io.03: [account-sync-batch].account-sync-ControlFlow.BLOCKING @2151c714] [event: 59b2cee0-d95c-11e9-af4d-a483e71cc8e1] sfdc.account.sync.batch: [SalesForce]Account Found: [0013i000004Um6IAAS, 0013i000004Um6FAAS, 0013i000004Um6EAAS, 0013i000004Um6CAAS, 0013i000004Um6BAAS, 0013i000004Um6AAAS, 0013i000004Um69AAC, 0013i000004Um68AAC, 0013i000004Um6HAAS, 0013i000004Um6GAAS]
INFO  2019-09-17 11:03:57,666 [[MuleRuntime].io.07: [account-sync-batch].account-sync-ControlFlow.BLOCKING @2151c714] [event: 5fa8afe0-d95c-11e9-af4d-a483e71cc8e1] sfdc.account.sync.batch: [SyncStart]lastSyncTS=1900-01-01T12:00:00.000Z
INFO  2019-09-17 11:03:57,949 [[MuleRuntime].io.03: [account-sync-batch].account-sync-ControlFlow.BLOCKING @2151c714] [event: 5fa8afe0-d95c-11e9-af4d-a483e71cc8e1] sfdc.account.sync.batch: [SalesForce]Account Found: [0013i000004Um6IAAS, 0013i000004Um6FAAS, 0013i000004Um6EAAS, 0013i000004Um6CAAS, 0013i000004Um6BAAS, 0013i000004Um6AAAS, 0013i000004Um69AAC, 0013i000004Um68AAC, 0013i000004Um6HAAS, 0013i000004Um6GAAS]
INFO  2019-09-17 11:04:07,667 [[MuleRuntime].io.07: [account-sync-batch].account-sync-ControlFlow.BLOCKING @2151c714] [event: 659eb7f0-d95c-11e9-af4d-a483e71cc8e1] sfdc.account.sync.batch: [SyncStart]lastSyncTS=1900-01-01T12:00:00.000Z
INFO  2019-09-17 11:04:07,956 [[MuleRuntime].io.03: [account-sync-batch].account-sync-ControlFlow.BLOCKING @2151c714] [event: 659eb7f0-d95c-11e9-af4d-a483e71cc8e1] sfdc.account.sync.batch: [SalesForce]Account Found: [0013i000004Um6IAAS, 0013i000004Um6FAAS, 0013i000004Um6EAAS, 0013i000004Um6CAAS, 0013i000004Um6BAAS, 0013i000004Um6AAAS, 0013i000004Um69AAC, 0013i000004Um68AAC, 0013i000004Um6HAAS, 0013i000004Um6GAAS]
INFO  2019-09-17 11:04:17,669 [[MuleRuntime].io.07: [account-sync-batch].account-sync-ControlFlow.BLOCKING @2151c714] [event: 6b94e710-d95c-11e9-af4d-a483e71cc8e1] sfdc.account.sync.batch: [SyncStart]lastSyncTS=1900-01-01T12:00:00.000Z
INFO  2019-09-17 11:04:18,024 [[MuleRuntime].io.03: [account-sync-batch].account-sync-ControlFlow.BLOCKING @2151c714] [event: 6b94e710-d95c-11e9-af4d-a483e71cc8e1] sfdc.account.sync.batch: [SalesForce]Account Found: [0013i000004Um6IAAS, 0013i000004Um6FAAS, 0013i000004Um6EAAS, 0013i000004Um6CAAS, 0013i000004Um6BAAS, 0013i000004Um6AAAS, 0013i000004Um69AAC, 0013i000004Um68AAC, 0013i000004Um6HAAS, 0013i000004Um6GAAS]
INFO  2019-09-17 11:04:27,668 [[MuleRuntime].io.07: [account-sync-batch].account-sync-ControlFlow.BLOCKING @2151c714] [event: 718a79f0-d95c-11e9-af4d-a483e71cc8e1] sfdc.account.sync.batch: [SyncStart]lastSyncTS=1900-01-01T12:00:00.000Z
INFO  2019-09-17 11:04:28,041 [[MuleRuntime].io.03: [account-sync-batch].account-sync-ControlFlow.BLOCKING @2151c714] [event: 718a79f0-d95c-11e9-af4d-a483e71cc8e1] sfdc.account.sync.batch: [SalesForce]Account Found: [0013i000004Um6IAAS, 0013i000004Um6FAAS, 0013i000004Um6EAAS, 0013i000004Um6CAAS, 0013i000004Um6BAAS, 0013i000004Um6AAAS, 0013i000004Um69AAC, 0013i000004Um68AAC, 0013i000004Um6HAAS, 0013i000004Um6GAAS]
INFO  2019-09-17 11:04:37,666 [[MuleRuntime].io.07: [account-sync-batch].account-sync-ControlFlow.BLOCKING @2151c714] [event: 77805af0-d95c-11e9-af4d-a483e71cc8e1] sfdc.account.sync.batch: [SyncStart]lastSyncTS=1900-01-01T12:00:00.000Z
INFO  2019-09-17 11:04:37,948 [[MuleRuntime].io.03: [account-sync-batch].account-sync-ControlFlow.BLOCKING @2151c714] [event: 77805af0-d95c-11e9-af4d-a483e71cc8e1] sfdc.account.sync.batch: [SalesForce]Account Found: [0013i000004Um6IAAS, 0013i000004Um6FAAS, 0013i000004Um6EAAS, 0013i000004Um6CAAS, 0013i000004Um6BAAS, 0013i000004Um6AAAS, 0013i000004Um69AAC, 0013i000004Um68AAC, 0013i000004Um6HAAS, 0013i000004Um6GAAS]
INFO  2019-09-17 11:04:47,669 [[MuleRuntime].io.07: [account-sync-batch].account-sync-ControlFlow.BLOCKING @2151c714] [event: 7d768a10-d95c-11e9-af4d-a483e71cc8e1] sfdc.account.sync.batch: [SyncStart]lastSyncTS=1900-01-01T12:00:00.000Z
INFO  2019-09-17 11:04:47,968 [[MuleRuntime].io.03: [account-sync-batch].account-sync-ControlFlow.BLOCKING @2151c714] [event: 7d768a10-d95c-11e9-af4d-a483e71cc8e1] sfdc.account.sync.batch: [SalesForce]Account Found: [0013i000004Um6IAAS, 0013i000004Um6FAAS, 0013i000004Um6EAAS, 0013i000004Um6CAAS, 0013i000004Um6BAAS, 0013i000004Um6AAAS, 0013i000004Um69AAC, 0013i000004Um68AAC, 0013i000004Um6HAAS, 0013i000004Um6GAAS]
INFO  2019-09-17 11:04:57,669 [[MuleRuntime].io.07: [account-sync-batch].account-sync-ControlFlow.BLOCKING @2151c714] [event: 836c4400-d95c-11e9-af4d-a483e71cc8e1] sfdc.account.sync.batch: [SyncStart]lastSyncTS=1900-01-01T12:00:00.000Z
INFO  2019-09-17 11:04:58,111 [[MuleRuntime].io.03: [account-sync-batch].account-sync-ControlFlow.BLOCKING @2151c714] [event: 836c4400-d95c-11e9-af4d-a483e71cc8e1] sfdc.account.sync.batch: [SalesForce]Account Found: [0013i000004Um6IAAS, 0013i000004Um6FAAS, 0013i000004Um6EAAS, 0013i000004Um6CAAS, 0013i000004Um6BAAS, 0013i000004Um6AAAS, 0013i000004Um69AAC, 0013i000004Um68AAC, 0013i000004Um6HAAS, 0013i000004Um6GAAS]
INFO  2019-09-17 11:05:07,668 [[MuleRuntime].io.07: [account-sync-batch].account-sync-ControlFlow.BLOCKING @2151c714] [event: 89622500-d95c-11e9-af4d-a483e71cc8e1] sfdc.account.sync.batch: [SyncStart]lastSyncTS=1900-01-01T12:00:00.000Z
INFO  2019-09-17 11:05:07,935 [[MuleRuntime].io.03: [account-sync-batch].account-sync-ControlFlow.BLOCKING @2151c714] [event: 89622500-d95c-11e9-af4d-a483e71cc8e1] sfdc.account.sync.batch: [SalesForce]Account Found: [0013i000004Um6IAAS, 0013i000004Um6FAAS, 0013i000004Um6EAAS, 0013i000004Um6CAAS, 0013i000004Um6BAAS, 0013i000004Um6AAAS, 0013i000004Um69AAC, 0013i000004Um68AAC, 0013i000004Um6HAAS, 0013i000004Um6GAAS]
INFO  2019-09-17 11:05:17,669 [[MuleRuntime].io.07: [account-sync-batch].account-sync-ControlFlow.BLOCKING @2151c714] [event: 8f582d10-d95c-11e9-af4d-a483e71cc8e1] sfdc.account.sync.batch: [SyncStart]lastSyncTS=1900-01-01T12:00:00.000Z
INFO  2019-09-17 11:05:17,957 [[MuleRuntime].io.03: [account-sync-batch].account-sync-ControlFlow.BLOCKING @2151c714] [event: 8f582d10-d95c-11e9-af4d-a483e71cc8e1] sfdc.account.sync.batch: [SalesForce]Account Found: [0013i000004Um6IAAS, 0013i000004Um6FAAS, 0013i000004Um6EAAS, 0013i000004Um6CAAS, 0013i000004Um6BAAS, 0013i000004Um6AAAS, 0013i000004Um69AAC, 0013i000004Um68AAC, 0013i000004Um6HAAS, 0013i000004Um6GAAS]
INFO  2019-09-17 11:05:27,669 [[MuleRuntime].io.07: [account-sync-batch].account-sync-ControlFlow.BLOCKING @2151c714] [event: 954e0e10-d95c-11e9-af4d-a483e71cc8e1] sfdc.account.sync.batch: [SyncStart]lastSyncTS=1900-01-01T12:00:00.000Z
INFO  2019-09-17 11:05:27,971 [[MuleRuntime].io.03: [account-sync-batch].account-sync-ControlFlow.BLOCKING @2151c714] [event: 954e0e10-d95c-11e9-af4d-a483e71cc8e1] sfdc.account.sync.batch: [SalesForce]Account Found: [0013i000004Um6IAAS, 0013i000004Um6FAAS, 0013i000004Um6EAAS, 0013i000004Um6CAAS, 0013i000004Um6BAAS, 0013i000004Um6AAAS, 0013i000004Um69AAC, 0013i000004Um68AAC, 0013i000004Um6HAAS, 0013i000004Um6GAAS]
INFO  2019-09-17 11:05:37,665 [[MuleRuntime].io.07: [account-sync-batch].account-sync-ControlFlow.BLOCKING @2151c714] [event: 9b43a0f0-d95c-11e9-af4d-a483e71cc8e1] sfdc.account.sync.batch: [SyncStart]lastSyncTS=1900-01-01T12:00:00.000Z
INFO  2019-09-17 11:05:37,996 [[MuleRuntime].io.03: [account-sync-batch].account-sync-ControlFlow.BLOCKING @2151c714] [event: 9b43a0f0-d95c-11e9-af4d-a483e71cc8e1] sfdc.account.sync.batch: [SalesForce]Account Found: [0013i000004Um6IAAS, 0013i000004Um6FAAS, 0013i000004Um6EAAS, 0013i000004Um6CAAS, 0013i000004Um6BAAS, 0013i000004Um6AAAS, 0013i000004Um69AAC, 0013i000004Um68AAC, 0013i000004Um6HAAS, 0013i000004Um6GAAS]
INFO  2019-09-17 11:05:47,666 [[MuleRuntime].io.07: [account-sync-batch].account-sync-ControlFlow.BLOCKING @2151c714] [event: a13981f0-d95c-11e9-af4d-a483e71cc8e1] sfdc.account.sync.batch: [SyncStart]lastSyncTS=1900-01-01T12:00:00.000Z
INFO  2019-09-17 11:05:47,961 [[MuleRuntime].io.03: [account-sync-batch].account-sync-ControlFlow.BLOCKING @2151c714] [event: a13981f0-d95c-11e9-af4d-a483e71cc8e1] sfdc.account.sync.batch: [SalesForce]Account Found: [0013i000004Um6IAAS, 0013i000004Um6FAAS, 0013i000004Um6EAAS, 0013i000004Um6CAAS, 0013i000004Um6BAAS, 0013i000004Um6AAAS, 0013i000004Um69AAC, 0013i000004Um68AAC, 0013i000004Um6HAAS, 0013i000004Um6GAAS]
INFO  2019-09-17 11:05:57,670 [[MuleRuntime].io.07: [account-sync-batch].account-sync-ControlFlow.BLOCKING @2151c714] [event: a72fd820-d95c-11e9-af4d-a483e71cc8e1] sfdc.account.sync.batch: [SyncStart]lastSyncTS=1900-01-01T12:00:00.000Z
INFO  2019-09-17 11:05:57,951 [[MuleRuntime].io.03: [account-sync-batch].account-sync-ControlFlow.BLOCKING @2151c714] [event: a72fd820-d95c-11e9-af4d-a483e71cc8e1] sfdc.account.sync.batch: [SalesForce]Account Found: [0013i000004Um6IAAS, 0013i000004Um6FAAS, 0013i000004Um6EAAS, 0013i000004Um6CAAS, 0013i000004Um6BAAS, 0013i000004Um6AAAS, 0013i000004Um69AAC, 0013i000004Um68AAC, 0013i000004Um6HAAS, 0013i000004Um6GAAS]
INFO  2019-09-17 11:06:07,670 [[MuleRuntime].io.07: [account-sync-batch].account-sync-ControlFlow.BLOCKING @2151c714] [event: ad25e030-d95c-11e9-af4d-a483e71cc8e1] sfdc.account.sync.batch: [SyncStart]lastSyncTS=1900-01-01T12:00:00.000Z
INFO  2019-09-17 11:06:07,943 [[MuleRuntime].io.03: [account-sync-batch].account-sync-ControlFlow.BLOCKING @2151c714] [event: ad25e030-d95c-11e9-af4d-a483e71cc8e1] sfdc.account.sync.batch: [SalesForce]Account Found: [0013i000004Um6IAAS, 0013i000004Um6FAAS, 0013i000004Um6EAAS, 0013i000004Um6CAAS, 0013i000004Um6BAAS, 0013i000004Um6AAAS, 0013i000004Um69AAC, 0013i000004Um68AAC, 0013i000004Um6HAAS, 0013i000004Um6GAAS]
INFO  2019-09-17 11:06:17,670 [[MuleRuntime].io.07: [account-sync-batch].account-sync-ControlFlow.BLOCKING @2151c714] [event: b31bc130-d95c-11e9-af4d-a483e71cc8e1] sfdc.account.sync.batch: [SyncStart]lastSyncTS=1900-01-01T12:00:00.000Z
INFO  2019-09-17 11:06:18,102 [[MuleRuntime].io.03: [account-sync-batch].account-sync-ControlFlow.BLOCKING @2151c714] [event: b31bc130-d95c-11e9-af4d-a483e71cc8e1] sfdc.account.sync.batch: [SalesForce]Account Found: [0013i000004Um6IAAS, 0013i000004Um6FAAS, 0013i000004Um6EAAS, 0013i000004Um6CAAS, 0013i000004Um6BAAS, 0013i000004Um6AAAS, 0013i000004Um69AAC, 0013i000004Um68AAC, 0013i000004Um6HAAS, 0013i000004Um6GAAS]
INFO  2019-09-17 11:06:27,670 [[MuleRuntime].io.07: [account-sync-batch].account-sync-ControlFlow.BLOCKING @2151c714] [event: b911a230-d95c-11e9-af4d-a483e71cc8e1] sfdc.account.sync.batch: [SyncStart]lastSyncTS=1900-01-01T12:00:00.000Z
INFO  2019-09-17 11:06:27,992 [[MuleRuntime].io.03: [account-sync-batch].account-sync-ControlFlow.BLOCKING @2151c714] [event: b911a230-d95c-11e9-af4d-a483e71cc8e1] sfdc.account.sync.batch: [SalesForce]Account Found: [0013i000004Um6IAAS, 0013i000004Um6FAAS, 0013i000004Um6EAAS, 0013i000004Um6CAAS, 0013i000004Um6BAAS, 0013i000004Um6AAAS, 0013i000004Um69AAC, 0013i000004Um68AAC, 0013i000004Um6HAAS, 0013i000004Um6GAAS]
INFO  2019-09-17 11:12:33,879 [[MuleRuntime].io.05: [account-sync-batch].account-sync-ControlFlow.BLOCKING @53777c60] [event: 923b3350-d95d-11e9-b841-a483e71cc8e1] sfdc.account.sync.batch: [SyncStart]lastSyncTS=1900-01-01T12:00:00.000Z
INFO  2019-09-17 11:12:34,249 [[MuleRuntime].io.03: [account-sync-batch].account-sync-ControlFlow.BLOCKING @53777c60] [event: 923b3350-d95d-11e9-b841-a483e71cc8e1] sfdc.account.sync.batch: [SalesForce]Account Found: [0013i000004Um6IAAS, 0013i000004Um6FAAS, 0013i000004Um6EAAS, 0013i000004Um6CAAS, 0013i000004Um6BAAS, 0013i000004Um6AAAS, 0013i000004Um69AAC, 0013i000004Um68AAC, 0013i000004Um6HAAS, 0013i000004Um6GAAS]
INFO  2019-09-17 11:12:41,973 [[MuleRuntime].io.07: [account-sync-batch].account-sync-ControlFlow.BLOCKING @53777c60] [event: 982b6f00-d95d-11e9-b841-a483e71cc8e1] sfdc.account.sync.batch: [SyncStart]lastSyncTS=1900-01-01T12:00:00.000Z
INFO  2019-09-17 11:12:42,330 [[MuleRuntime].io.08: [account-sync-batch].account-sync-ControlFlow.BLOCKING @53777c60] [event: 982b6f00-d95d-11e9-b841-a483e71cc8e1] sfdc.account.sync.batch: [SalesForce]Account Found: [0013i000004Um6IAAS, 0013i000004Um6FAAS, 0013i000004Um6EAAS, 0013i000004Um6CAAS, 0013i000004Um6BAAS, 0013i000004Um6AAAS, 0013i000004Um69AAC, 0013i000004Um68AAC, 0013i000004Um6HAAS, 0013i000004Um6GAAS]
INFO  2019-09-17 11:12:51,971 [[MuleRuntime].io.07: [account-sync-batch].account-sync-ControlFlow.BLOCKING @53777c60] [event: 9e217710-d95d-11e9-b841-a483e71cc8e1] sfdc.account.sync.batch: [SyncStart]lastSyncTS=1900-01-01T12:00:00.000Z
INFO  2019-09-17 11:12:52,299 [[MuleRuntime].io.08: [account-sync-batch].account-sync-ControlFlow.BLOCKING @53777c60] [event: 9e217710-d95d-11e9-b841-a483e71cc8e1] sfdc.account.sync.batch: [SalesForce]Account Found: [0013i000004Um6IAAS, 0013i000004Um6FAAS, 0013i000004Um6EAAS, 0013i000004Um6CAAS, 0013i000004Um6BAAS, 0013i000004Um6AAAS, 0013i000004Um69AAC, 0013i000004Um68AAC, 0013i000004Um6HAAS, 0013i000004Um6GAAS]
INFO  2019-09-17 11:13:01,973 [[MuleRuntime].io.07: [account-sync-batch].account-sync-ControlFlow.BLOCKING @53777c60] [event: a4175810-d95d-11e9-b841-a483e71cc8e1] sfdc.account.sync.batch: [SyncStart]lastSyncTS=1900-01-01T12:00:00.000Z
INFO  2019-09-17 11:13:02,245 [[MuleRuntime].io.08: [account-sync-batch].account-sync-ControlFlow.BLOCKING @53777c60] [event: a4175810-d95d-11e9-b841-a483e71cc8e1] sfdc.account.sync.batch: [SalesForce]Account Found: [0013i000004Um6IAAS, 0013i000004Um6FAAS, 0013i000004Um6EAAS, 0013i000004Um6CAAS, 0013i000004Um6BAAS, 0013i000004Um6AAAS, 0013i000004Um69AAC, 0013i000004Um68AAC, 0013i000004Um6HAAS, 0013i000004Um6GAAS]
INFO  2019-09-17 11:13:11,969 [[MuleRuntime].io.07: [account-sync-batch].account-sync-ControlFlow.BLOCKING @53777c60] [event: aa0c9cd0-d95d-11e9-b841-a483e71cc8e1] sfdc.account.sync.batch: [SyncStart]lastSyncTS=1900-01-01T12:00:00.000Z
INFO  2019-09-17 11:13:12,257 [[MuleRuntime].io.08: [account-sync-batch].account-sync-ControlFlow.BLOCKING @53777c60] [event: aa0c9cd0-d95d-11e9-b841-a483e71cc8e1] sfdc.account.sync.batch: [SalesForce]Account Found: [0013i000004Um6IAAS, 0013i000004Um6FAAS, 0013i000004Um6EAAS, 0013i000004Um6CAAS, 0013i000004Um6BAAS, 0013i000004Um6AAAS, 0013i000004Um69AAC, 0013i000004Um68AAC, 0013i000004Um6HAAS, 0013i000004Um6GAAS]
INFO  2019-09-17 11:13:21,972 [[MuleRuntime].io.07: [account-sync-batch].account-sync-ControlFlow.BLOCKING @53777c60] [event: b0031a10-d95d-11e9-b841-a483e71cc8e1] sfdc.account.sync.batch: [SyncStart]lastSyncTS=1900-01-01T12:00:00.000Z
INFO  2019-09-17 11:13:22,260 [[MuleRuntime].io.08: [account-sync-batch].account-sync-ControlFlow.BLOCKING @53777c60] [event: b0031a10-d95d-11e9-b841-a483e71cc8e1] sfdc.account.sync.batch: [SalesForce]Account Found: [0013i000004Um6IAAS, 0013i000004Um6FAAS, 0013i000004Um6EAAS, 0013i000004Um6CAAS, 0013i000004Um6BAAS, 0013i000004Um6AAAS, 0013i000004Um69AAC, 0013i000004Um68AAC, 0013i000004Um6HAAS, 0013i000004Um6GAAS]
INFO  2019-09-17 11:13:31,972 [[MuleRuntime].io.07: [account-sync-batch].account-sync-ControlFlow.BLOCKING @53777c60] [event: b5f8d400-d95d-11e9-b841-a483e71cc8e1] sfdc.account.sync.batch: [SyncStart]lastSyncTS=1900-01-01T12:00:00.000Z
INFO  2019-09-17 11:13:32,281 [[MuleRuntime].io.08: [account-sync-batch].account-sync-ControlFlow.BLOCKING @53777c60] [event: b5f8d400-d95d-11e9-b841-a483e71cc8e1] sfdc.account.sync.batch: [SalesForce]Account Found: [0013i000004Um6IAAS, 0013i000004Um6FAAS, 0013i000004Um6EAAS, 0013i000004Um6CAAS, 0013i000004Um6BAAS, 0013i000004Um6AAAS, 0013i000004Um69AAC, 0013i000004Um68AAC, 0013i000004Um6HAAS, 0013i000004Um6GAAS]
INFO  2019-09-17 11:13:41,974 [[MuleRuntime].io.07: [account-sync-batch].account-sync-ControlFlow.BLOCKING @53777c60] [event: bbef0320-d95d-11e9-b841-a483e71cc8e1] sfdc.account.sync.batch: [SyncStart]lastSyncTS=1900-01-01T12:00:00.000Z
INFO  2019-09-17 11:13:42,453 [[MuleRuntime].io.08: [account-sync-batch].account-sync-ControlFlow.BLOCKING @53777c60] [event: bbef0320-d95d-11e9-b841-a483e71cc8e1] sfdc.account.sync.batch: [SalesForce]Account Found: [0013i000004Um6IAAS, 0013i000004Um6FAAS, 0013i000004Um6EAAS, 0013i000004Um6CAAS, 0013i000004Um6BAAS, 0013i000004Um6AAAS, 0013i000004Um69AAC, 0013i000004Um68AAC, 0013i000004Um6HAAS, 0013i000004Um6GAAS]
INFO  2019-09-17 11:13:51,967 [[MuleRuntime].io.07: [account-sync-batch].account-sync-ControlFlow.BLOCKING @53777c60] [event: c1e420d0-d95d-11e9-b841-a483e71cc8e1] sfdc.account.sync.batch: [SyncStart]lastSyncTS=1900-01-01T12:00:00.000Z
INFO  2019-09-17 11:13:52,270 [[MuleRuntime].io.08: [account-sync-batch].account-sync-ControlFlow.BLOCKING @53777c60] [event: c1e420d0-d95d-11e9-b841-a483e71cc8e1] sfdc.account.sync.batch: [SalesForce]Account Found: [0013i000004Um6IAAS, 0013i000004Um6FAAS, 0013i000004Um6EAAS, 0013i000004Um6CAAS, 0013i000004Um6BAAS, 0013i000004Um6AAAS, 0013i000004Um69AAC, 0013i000004Um68AAC, 0013i000004Um6HAAS, 0013i000004Um6GAAS]
